<?xml version="1.0" encoding="UTF-8"?>
<testng-results skipped="0" failed="0" ignored="0" total="1" passed="1">
  <reporter-output>
  </reporter-output>
  <suite name="Default suite" duration-ms="34125" started-at="2017-11-30T12:20:56Z" finished-at="2017-11-30T12:21:30Z">
    <groups>
    </groups>
    <test name="Default test" duration-ms="34125" started-at="2017-11-30T12:20:56Z" finished-at="2017-11-30T12:21:30Z">
      <class name="com.codebind.Assignment">
        <test-method status="PASS" signature="launchApp()[pri:0, instance:com.codebind.Assignment@5c3bd550]" name="launchApp" is-config="true" duration-ms="9311" started-at="2017-11-30T23:20:56Z" finished-at="2017-11-30T23:21:05Z">
          <reporter-output>
          </reporter-output>
        </test-method> <!-- launchApp -->
        <test-method status="PASS" signature="validLoginTest()[pri:0, instance:com.codebind.Assignment@5c3bd550]" name="validLoginTest" duration-ms="24123" started-at="2017-11-30T23:21:05Z" description="Test case is to send an email with attachment" finished-at="2017-11-30T23:21:30Z">
          <reporter-output>
          </reporter-output>
        </test-method> <!-- validLoginTest -->
        <test-method status="PASS" signature="closeBrowser()[pri:0, instance:com.codebind.Assignment@5c3bd550]" name="closeBrowser" is-config="true" duration-ms="655" started-at="2017-11-30T23:21:30Z" finished-at="2017-11-30T23:21:30Z">
          <reporter-output>
          </reporter-output>
        </test-method> <!-- closeBrowser -->
      </class> <!-- com.codebind.Assignment -->
    </test> <!-- Default test -->
  </suite> <!-- Default suite -->
</testng-results>
